[2022-08-11 06:25:50] local.ERROR: Class "NextApps\VerificationCode\VerificationCodeServiceProvider" not found {"exception":"[object] (Error(code: 0): Class \"NextApps\\VerificationCode\\VerificationCodeServiceProvider\" not found at /home/u8evlzocgpfa/public_html/vendor/laravel/framework/src/Illuminate/Foundation/Application.php:749)
[stacktrace]
#0 /home/u8evlzocgpfa/public_html/vendor/laravel/framework/src/Illuminate/Foundation/Application.php(683): Illuminate\\Foundation\\Application->resolveProvider()
#1 /home/u8evlzocgpfa/public_html/vendor/laravel/framework/src/Illuminate/Foundation/ProviderRepository.php(75): Illuminate\\Foundation\\Application->register()
#2 /home/u8evlzocgpfa/public_html/vendor/laravel/framework/src/Illuminate/Foundation/Application.php(663): Illuminate\\Foundation\\ProviderRepository->load()
#3 /home/u8evlzocgpfa/public_html/vendor/laravel/framework/src/Illuminate/Foundation/Bootstrap/RegisterProviders.php(17): Illuminate\\Foundation\\Application->registerConfiguredProviders()
#4 /home/u8evlzocgpfa/public_html/vendor/laravel/framework/src/Illuminate/Foundation/Application.php(239): Illuminate\\Foundation\\Bootstrap\\RegisterProviders->bootstrap()
#5 /home/u8evlzocgpfa/public_html/vendor/laravel/framework/src/Illuminate/Foundation/Http/Kernel.php(153): Illuminate\\Foundation\\Application->bootstrapWith()
#6 /home/u8evlzocgpfa/public_html/vendor/laravel/framework/src/Illuminate/Foundation/Http/Kernel.php(137): Illuminate\\Foundation\\Http\\Kernel->bootstrap()
#7 /home/u8evlzocgpfa/public_html/vendor/laravel/framework/src/Illuminate/Foundation/Http/Kernel.php(111): Illuminate\\Foundation\\Http\\Kernel->sendRequestThroughRouter()
#8 /home/u8evlzocgpfa/public_html/public/index.php(52): Illuminate\\Foundation\\Http\\Kernel->handle()
#9 {main}
"} 
[2022-08-11 06:26:16] local.ERROR: Class "NextApps\VerificationCode\VerificationCodeServiceProvider" not found {"exception":"[object] (Error(code: 0): Class \"NextApps\\VerificationCode\\VerificationCodeServiceProvider\" not found at /home/u8evlzocgpfa/public_html/vendor/laravel/framework/src/Illuminate/Foundation/Application.php:749)
[stacktrace]
#0 /home/u8evlzocgpfa/public_html/vendor/laravel/framework/src/Illuminate/Foundation/Application.php(683): Illuminate\\Foundation\\Application->resolveProvider()
#1 /home/u8evlzocgpfa/public_html/vendor/laravel/framework/src/Illuminate/Foundation/ProviderRepository.php(75): Illuminate\\Foundation\\Application->register()
#2 /home/u8evlzocgpfa/public_html/vendor/laravel/framework/src/Illuminate/Foundation/Application.php(663): Illuminate\\Foundation\\ProviderRepository->load()
#3 /home/u8evlzocgpfa/public_html/vendor/laravel/framework/src/Illuminate/Foundation/Bootstrap/RegisterProviders.php(17): Illuminate\\Foundation\\Application->registerConfiguredProviders()
#4 /home/u8evlzocgpfa/public_html/vendor/laravel/framework/src/Illuminate/Foundation/Application.php(239): Illuminate\\Foundation\\Bootstrap\\RegisterProviders->bootstrap()
#5 /home/u8evlzocgpfa/public_html/vendor/laravel/framework/src/Illuminate/Foundation/Http/Kernel.php(153): Illuminate\\Foundation\\Application->bootstrapWith()
#6 /home/u8evlzocgpfa/public_html/vendor/laravel/framework/src/Illuminate/Foundation/Http/Kernel.php(137): Illuminate\\Foundation\\Http\\Kernel->bootstrap()
#7 /home/u8evlzocgpfa/public_html/vendor/laravel/framework/src/Illuminate/Foundation/Http/Kernel.php(111): Illuminate\\Foundation\\Http\\Kernel->sendRequestThroughRouter()
#8 /home/u8evlzocgpfa/public_html/public/index.php(52): Illuminate\\Foundation\\Http\\Kernel->handle()
#9 {main}
"} 
[2022-08-11 06:29:37] local.ERROR: SQLSTATE[28000] [1045] Access denied for user 'root'@'localhost' (using password: NO) (SQL: select * from `pixels_left`) {"exception":"[object] (Illuminate\\Database\\QueryException(code: 1045): SQLSTATE[28000] [1045] Access denied for user 'root'@'localhost' (using password: NO) (SQL: select * from `pixels_left`) at /home/u8evlzocgpfa/public_html/vendor/laravel/framework/src/Illuminate/Database/Connection.php:742)
[stacktrace]
#0 /home/u8evlzocgpfa/public_html/vendor/laravel/framework/src/Illuminate/Database/Connection.php(702): Illuminate\\Database\\Connection->runQueryCallback()
#1 /home/u8evlzocgpfa/public_html/vendor/laravel/framework/src/Illuminate/Database/Connection.php(404): Illuminate\\Database\\Connection->run()
#2 /home/u8evlzocgpfa/public_html/vendor/laravel/framework/src/Illuminate/Database/Query/Builder.php(2607): Illuminate\\Database\\Connection->select()
#3 /home/u8evlzocgpfa/public_html/vendor/laravel/framework/src/Illuminate/Database/Query/Builder.php(2595): Illuminate\\Database\\Query\\Builder->runSelect()
#4 /home/u8evlzocgpfa/public_html/vendor/laravel/framework/src/Illuminate/Database/Query/Builder.php(3129): Illuminate\\Database\\Query\\Builder->Illuminate\\Database\\Query\\{closure}()
#5 /home/u8evlzocgpfa/public_html/vendor/laravel/framework/src/Illuminate/Database/Query/Builder.php(2596): Illuminate\\Database\\Query\\Builder->onceWithColumns()
#6 /home/u8evlzocgpfa/public_html/vendor/laravel/framework/src/Illuminate/Database/Eloquent/Builder.php(698): Illuminate\\Database\\Query\\Builder->get()
#7 /home/u8evlzocgpfa/public_html/vendor/laravel/framework/src/Illuminate/Database/Eloquent/Builder.php(682): Illuminate\\Database\\Eloquent\\Builder->getModels()
#8 /home/u8evlzocgpfa/public_html/vendor/laravel/framework/src/Illuminate/Database/Eloquent/Model.php(570): Illuminate\\Database\\Eloquent\\Builder->get()
#9 /home/u8evlzocgpfa/public_html/app/Providers/ComposerServiceProvider.php(15): Illuminate\\Database\\Eloquent\\Model::all()
#10 /home/u8evlzocgpfa/public_html/vendor/laravel/framework/src/Illuminate/Container/BoundMethod.php(36): App\\Providers\\ComposerServiceProvider->boot()
#11 /home/u8evlzocgpfa/public_html/vendor/laravel/framework/src/Illuminate/Container/Util.php(41): Illuminate\\Container\\BoundMethod::Illuminate\\Container\\{closure}()
#12 /home/u8evlzocgpfa/public_html/vendor/laravel/framework/src/Illuminate/Container/BoundMethod.php(93): Illuminate\\Container\\Util::unwrapIfClosure()
#13 /home/u8evlzocgpfa/public_html/vendor/laravel/framework/src/Illuminate/Container/BoundMethod.php(37): Illuminate\\Container\\BoundMethod::callBoundMethod()
#14 /home/u8evlzocgpfa/public_html/vendor/laravel/framework/src/Illuminate/Container/Container.php(651): Illuminate\\Container\\BoundMethod::call()
#15 /home/u8evlzocgpfa/public_html/vendor/laravel/framework/src/Illuminate/Foundation/Application.php(928): Illuminate\\Container\\Container->call()
#16 /home/u8evlzocgpfa/public_html/vendor/laravel/framework/src/Illuminate/Foundation/Application.php(909): Illuminate\\Foundation\\Application->bootProvider()
#17 [internal function]: Illuminate\\Foundation\\Application->Illuminate\\Foundation\\{closure}()
#18 /home/u8evlzocgpfa/public_html/vendor/laravel/framework/src/Illuminate/Foundation/Application.php(910): array_walk()
#19 /home/u8evlzocgpfa/public_html/vendor/laravel/framework/src/Illuminate/Foundation/Bootstrap/BootProviders.php(17): Illuminate\\Foundation\\Application->boot()
#20 /home/u8evlzocgpfa/public_html/vendor/laravel/framework/src/Illuminate/Foundation/Application.php(239): Illuminate\\Foundation\\Bootstrap\\BootProviders->bootstrap()
#21 /home/u8evlzocgpfa/public_html/vendor/laravel/framework/src/Illuminate/Foundation/Http/Kernel.php(153): Illuminate\\Foundation\\Application->bootstrapWith()
#22 /home/u8evlzocgpfa/public_html/vendor/laravel/framework/src/Illuminate/Foundation/Http/Kernel.php(137): Illuminate\\Foundation\\Http\\Kernel->bootstrap()
#23 /home/u8evlzocgpfa/public_html/vendor/laravel/framework/src/Illuminate/Foundation/Http/Kernel.php(111): Illuminate\\Foundation\\Http\\Kernel->sendRequestThroughRouter()
#24 /home/u8evlzocgpfa/public_html/public/index.php(52): Illuminate\\Foundation\\Http\\Kernel->handle()
#25 {main}

[previous exception] [object] (PDOException(code: 1045): SQLSTATE[28000] [1045] Access denied for user 'root'@'localhost' (using password: NO) at /home/u8evlzocgpfa/public_html/vendor/laravel/framework/src/Illuminate/Database/Connectors/Connector.php:70)
[stacktrace]
#0 /home/u8evlzocgpfa/public_html/vendor/laravel/framework/src/Illuminate/Database/Connectors/Connector.php(70): PDO->__construct()
#1 /home/u8evlzocgpfa/public_html/vendor/laravel/framework/src/Illuminate/Database/Connectors/Connector.php(46): Illuminate\\Database\\Connectors\\Connector->createPdoConnection()
#2 /home/u8evlzocgpfa/public_html/vendor/laravel/framework/src/Illuminate/Database/Connectors/MySqlConnector.php(24): Illuminate\\Database\\Connectors\\Connector->createConnection()
#3 /home/u8evlzocgpfa/public_html/vendor/laravel/framework/src/Illuminate/Database/Connectors/ConnectionFactory.php(184): Illuminate\\Database\\Connectors\\MySqlConnector->connect()
#4 [internal function]: Illuminate\\Database\\Connectors\\ConnectionFactory->Illuminate\\Database\\Connectors\\{closure}()
#5 /home/u8evlzocgpfa/public_html/vendor/laravel/framework/src/Illuminate/Database/Connection.php(1084): call_user_func()
#6 /home/u8evlzocgpfa/public_html/vendor/laravel/framework/src/Illuminate/Database/Connection.php(1120): Illuminate\\Database\\Connection->getPdo()
#7 /home/u8evlzocgpfa/public_html/vendor/laravel/framework/src/Illuminate/Database/Connection.php(468): Illuminate\\Database\\Connection->getReadPdo()
#8 /home/u8evlzocgpfa/public_html/vendor/laravel/framework/src/Illuminate/Database/Connection.php(396): Illuminate\\Database\\Connection->getPdoForSelect()
#9 /home/u8evlzocgpfa/public_html/vendor/laravel/framework/src/Illuminate/Database/Connection.php(735): Illuminate\\Database\\Connection->Illuminate\\Database\\{closure}()
#10 /home/u8evlzocgpfa/public_html/vendor/laravel/framework/src/Illuminate/Database/Connection.php(702): Illuminate\\Database\\Connection->runQueryCallback()
#11 /home/u8evlzocgpfa/public_html/vendor/laravel/framework/src/Illuminate/Database/Connection.php(404): Illuminate\\Database\\Connection->run()
#12 /home/u8evlzocgpfa/public_html/vendor/laravel/framework/src/Illuminate/Database/Query/Builder.php(2607): Illuminate\\Database\\Connection->select()
#13 /home/u8evlzocgpfa/public_html/vendor/laravel/framework/src/Illuminate/Database/Query/Builder.php(2595): Illuminate\\Database\\Query\\Builder->runSelect()
#14 /home/u8evlzocgpfa/public_html/vendor/laravel/framework/src/Illuminate/Database/Query/Builder.php(3129): Illuminate\\Database\\Query\\Builder->Illuminate\\Database\\Query\\{closure}()
#15 /home/u8evlzocgpfa/public_html/vendor/laravel/framework/src/Illuminate/Database/Query/Builder.php(2596): Illuminate\\Database\\Query\\Builder->onceWithColumns()
#16 /home/u8evlzocgpfa/public_html/vendor/laravel/framework/src/Illuminate/Database/Eloquent/Builder.php(698): Illuminate\\Database\\Query\\Builder->get()
#17 /home/u8evlzocgpfa/public_html/vendor/laravel/framework/src/Illuminate/Database/Eloquent/Builder.php(682): Illuminate\\Database\\Eloquent\\Builder->getModels()
#18 /home/u8evlzocgpfa/public_html/vendor/laravel/framework/src/Illuminate/Database/Eloquent/Model.php(570): Illuminate\\Database\\Eloquent\\Builder->get()
#19 /home/u8evlzocgpfa/public_html/app/Providers/ComposerServiceProvider.php(15): Illuminate\\Database\\Eloquent\\Model::all()
#20 /home/u8evlzocgpfa/public_html/vendor/laravel/framework/src/Illuminate/Container/BoundMethod.php(36): App\\Providers\\ComposerServiceProvider->boot()
#21 /home/u8evlzocgpfa/public_html/vendor/laravel/framework/src/Illuminate/Container/Util.php(41): Illuminate\\Container\\BoundMethod::Illuminate\\Container\\{closure}()
#22 /home/u8evlzocgpfa/public_html/vendor/laravel/framework/src/Illuminate/Container/BoundMethod.php(93): Illuminate\\Container\\Util::unwrapIfClosure()
#23 /home/u8evlzocgpfa/public_html/vendor/laravel/framework/src/Illuminate/Container/BoundMethod.php(37): Illuminate\\Container\\BoundMethod::callBoundMethod()
#24 /home/u8evlzocgpfa/public_html/vendor/laravel/framework/src/Illuminate/Container/Container.php(651): Illuminate\\Container\\BoundMethod::call()
#25 /home/u8evlzocgpfa/public_html/vendor/laravel/framework/src/Illuminate/Foundation/Application.php(928): Illuminate\\Container\\Container->call()
#26 /home/u8evlzocgpfa/public_html/vendor/laravel/framework/src/Illuminate/Foundation/Application.php(909): Illuminate\\Foundation\\Application->bootProvider()
#27 [internal function]: Illuminate\\Foundation\\Application->Illuminate\\Foundation\\{closure}()
#28 /home/u8evlzocgpfa/public_html/vendor/laravel/framework/src/Illuminate/Foundation/Application.php(910): array_walk()
#29 /home/u8evlzocgpfa/public_html/vendor/laravel/framework/src/Illuminate/Foundation/Bootstrap/BootProviders.php(17): Illuminate\\Foundation\\Application->boot()
#30 /home/u8evlzocgpfa/public_html/vendor/laravel/framework/src/Illuminate/Foundation/Application.php(239): Illuminate\\Foundation\\Bootstrap\\BootProviders->bootstrap()
#31 /home/u8evlzocgpfa/public_html/vendor/laravel/framework/src/Illuminate/Foundation/Http/Kernel.php(153): Illuminate\\Foundation\\Application->bootstrapWith()
#32 /home/u8evlzocgpfa/public_html/vendor/laravel/framework/src/Illuminate/Foundation/Http/Kernel.php(137): Illuminate\\Foundation\\Http\\Kernel->bootstrap()
#33 /home/u8evlzocgpfa/public_html/vendor/laravel/framework/src/Illuminate/Foundation/Http/Kernel.php(111): Illuminate\\Foundation\\Http\\Kernel->sendRequestThroughRouter()
#34 /home/u8evlzocgpfa/public_html/public/index.php(52): Illuminate\\Foundation\\Http\\Kernel->handle()
#35 {main}
"} 
[2022-08-11 06:30:23] local.ERROR: SQLSTATE[28000] [1045] Access denied for user 'root'@'localhost' (using password: NO) (SQL: select * from `pixels_left`) {"exception":"[object] (Illuminate\\Database\\QueryException(code: 1045): SQLSTATE[28000] [1045] Access denied for user 'root'@'localhost' (using password: NO) (SQL: select * from `pixels_left`) at /home/u8evlzocgpfa/public_html/vendor/laravel/framework/src/Illuminate/Database/Connection.php:742)
[stacktrace]
#0 /home/u8evlzocgpfa/public_html/vendor/laravel/framework/src/Illuminate/Database/Connection.php(702): Illuminate\\Database\\Connection->runQueryCallback()
#1 /home/u8evlzocgpfa/public_html/vendor/laravel/framework/src/Illuminate/Database/Connection.php(404): Illuminate\\Database\\Connection->run()
#2 /home/u8evlzocgpfa/public_html/vendor/laravel/framework/src/Illuminate/Database/Query/Builder.php(2607): Illuminate\\Database\\Connection->select()
#3 /home/u8evlzocgpfa/public_html/vendor/laravel/framework/src/Illuminate/Database/Query/Builder.php(2595): Illuminate\\Database\\Query\\Builder->runSelect()
#4 /home/u8evlzocgpfa/public_html/vendor/laravel/framework/src/Illuminate/Database/Query/Builder.php(3129): Illuminate\\Database\\Query\\Builder->Illuminate\\Database\\Query\\{closure}()
#5 /home/u8evlzocgpfa/public_html/vendor/laravel/framework/src/Illuminate/Database/Query/Builder.php(2596): Illuminate\\Database\\Query\\Builder->onceWithColumns()
#6 /home/u8evlzocgpfa/public_html/vendor/laravel/framework/src/Illuminate/Database/Eloquent/Builder.php(698): Illuminate\\Database\\Query\\Builder->get()
#7 /home/u8evlzocgpfa/public_html/vendor/laravel/framework/src/Illuminate/Database/Eloquent/Builder.php(682): Illuminate\\Database\\Eloquent\\Builder->getModels()
#8 /home/u8evlzocgpfa/public_html/vendor/laravel/framework/src/Illuminate/Database/Eloquent/Model.php(570): Illuminate\\Database\\Eloquent\\Builder->get()
#9 /home/u8evlzocgpfa/public_html/app/Providers/ComposerServiceProvider.php(15): Illuminate\\Database\\Eloquent\\Model::all()
#10 /home/u8evlzocgpfa/public_html/vendor/laravel/framework/src/Illuminate/Container/BoundMethod.php(36): App\\Providers\\ComposerServiceProvider->boot()
#11 /home/u8evlzocgpfa/public_html/vendor/laravel/framework/src/Illuminate/Container/Util.php(41): Illuminate\\Container\\BoundMethod::Illuminate\\Container\\{closure}()
#12 /home/u8evlzocgpfa/public_html/vendor/laravel/framework/src/Illuminate/Container/BoundMethod.php(93): Illuminate\\Container\\Util::unwrapIfClosure()
#13 /home/u8evlzocgpfa/public_html/vendor/laravel/framework/src/Illuminate/Container/BoundMethod.php(37): Illuminate\\Container\\BoundMethod::callBoundMethod()
#14 /home/u8evlzocgpfa/public_html/vendor/laravel/framework/src/Illuminate/Container/Container.php(651): Illuminate\\Container\\BoundMethod::call()
#15 /home/u8evlzocgpfa/public_html/vendor/laravel/framework/src/Illuminate/Foundation/Application.php(928): Illuminate\\Container\\Container->call()
#16 /home/u8evlzocgpfa/public_html/vendor/laravel/framework/src/Illuminate/Foundation/Application.php(909): Illuminate\\Foundation\\Application->bootProvider()
#17 [internal function]: Illuminate\\Foundation\\Application->Illuminate\\Foundation\\{closure}()
#18 /home/u8evlzocgpfa/public_html/vendor/laravel/framework/src/Illuminate/Foundation/Application.php(910): array_walk()
#19 /home/u8evlzocgpfa/public_html/vendor/laravel/framework/src/Illuminate/Foundation/Bootstrap/BootProviders.php(17): Illuminate\\Foundation\\Application->boot()
#20 /home/u8evlzocgpfa/public_html/vendor/laravel/framework/src/Illuminate/Foundation/Application.php(239): Illuminate\\Foundation\\Bootstrap\\BootProviders->bootstrap()
#21 /home/u8evlzocgpfa/public_html/vendor/laravel/framework/src/Illuminate/Foundation/Http/Kernel.php(153): Illuminate\\Foundation\\Application->bootstrapWith()
#22 /home/u8evlzocgpfa/public_html/vendor/laravel/framework/src/Illuminate/Foundation/Http/Kernel.php(137): Illuminate\\Foundation\\Http\\Kernel->bootstrap()
#23 /home/u8evlzocgpfa/public_html/vendor/laravel/framework/src/Illuminate/Foundation/Http/Kernel.php(111): Illuminate\\Foundation\\Http\\Kernel->sendRequestThroughRouter()
#24 /home/u8evlzocgpfa/public_html/public/index.php(52): Illuminate\\Foundation\\Http\\Kernel->handle()
#25 {main}

[previous exception] [object] (PDOException(code: 1045): SQLSTATE[28000] [1045] Access denied for user 'root'@'localhost' (using password: NO) at /home/u8evlzocgpfa/public_html/vendor/laravel/framework/src/Illuminate/Database/Connectors/Connector.php:70)
[stacktrace]
#0 /home/u8evlzocgpfa/public_html/vendor/laravel/framework/src/Illuminate/Database/Connectors/Connector.php(70): PDO->__construct()
#1 /home/u8evlzocgpfa/public_html/vendor/laravel/framework/src/Illuminate/Database/Connectors/Connector.php(46): Illuminate\\Database\\Connectors\\Connector->createPdoConnection()
#2 /home/u8evlzocgpfa/public_html/vendor/laravel/framework/src/Illuminate/Database/Connectors/MySqlConnector.php(24): Illuminate\\Database\\Connectors\\Connector->createConnection()
#3 /home/u8evlzocgpfa/public_html/vendor/laravel/framework/src/Illuminate/Database/Connectors/ConnectionFactory.php(184): Illuminate\\Database\\Connectors\\MySqlConnector->connect()
#4 [internal function]: Illuminate\\Database\\Connectors\\ConnectionFactory->Illuminate\\Database\\Connectors\\{closure}()
#5 /home/u8evlzocgpfa/public_html/vendor/laravel/framework/src/Illuminate/Database/Connection.php(1084): call_user_func()
#6 /home/u8evlzocgpfa/public_html/vendor/laravel/framework/src/Illuminate/Database/Connection.php(1120): Illuminate\\Database\\Connection->getPdo()
#7 /home/u8evlzocgpfa/public_html/vendor/laravel/framework/src/Illuminate/Database/Connection.php(468): Illuminate\\Database\\Connection->getReadPdo()
#8 /home/u8evlzocgpfa/public_html/vendor/laravel/framework/src/Illuminate/Database/Connection.php(396): Illuminate\\Database\\Connection->getPdoForSelect()
#9 /home/u8evlzocgpfa/public_html/vendor/laravel/framework/src/Illuminate/Database/Connection.php(735): Illuminate\\Database\\Connection->Illuminate\\Database\\{closure}()
#10 /home/u8evlzocgpfa/public_html/vendor/laravel/framework/src/Illuminate/Database/Connection.php(702): Illuminate\\Database\\Connection->runQueryCallback()
#11 /home/u8evlzocgpfa/public_html/vendor/laravel/framework/src/Illuminate/Database/Connection.php(404): Illuminate\\Database\\Connection->run()
#12 /home/u8evlzocgpfa/public_html/vendor/laravel/framework/src/Illuminate/Database/Query/Builder.php(2607): Illuminate\\Database\\Connection->select()
#13 /home/u8evlzocgpfa/public_html/vendor/laravel/framework/src/Illuminate/Database/Query/Builder.php(2595): Illuminate\\Database\\Query\\Builder->runSelect()
#14 /home/u8evlzocgpfa/public_html/vendor/laravel/framework/src/Illuminate/Database/Query/Builder.php(3129): Illuminate\\Database\\Query\\Builder->Illuminate\\Database\\Query\\{closure}()
#15 /home/u8evlzocgpfa/public_html/vendor/laravel/framework/src/Illuminate/Database/Query/Builder.php(2596): Illuminate\\Database\\Query\\Builder->onceWithColumns()
#16 /home/u8evlzocgpfa/public_html/vendor/laravel/framework/src/Illuminate/Database/Eloquent/Builder.php(698): Illuminate\\Database\\Query\\Builder->get()
#17 /home/u8evlzocgpfa/public_html/vendor/laravel/framework/src/Illuminate/Database/Eloquent/Builder.php(682): Illuminate\\Database\\Eloquent\\Builder->getModels()
#18 /home/u8evlzocgpfa/public_html/vendor/laravel/framework/src/Illuminate/Database/Eloquent/Model.php(570): Illuminate\\Database\\Eloquent\\Builder->get()
#19 /home/u8evlzocgpfa/public_html/app/Providers/ComposerServiceProvider.php(15): Illuminate\\Database\\Eloquent\\Model::all()
#20 /home/u8evlzocgpfa/public_html/vendor/laravel/framework/src/Illuminate/Container/BoundMethod.php(36): App\\Providers\\ComposerServiceProvider->boot()
#21 /home/u8evlzocgpfa/public_html/vendor/laravel/framework/src/Illuminate/Container/Util.php(41): Illuminate\\Container\\BoundMethod::Illuminate\\Container\\{closure}()
#22 /home/u8evlzocgpfa/public_html/vendor/laravel/framework/src/Illuminate/Container/BoundMethod.php(93): Illuminate\\Container\\Util::unwrapIfClosure()
#23 /home/u8evlzocgpfa/public_html/vendor/laravel/framework/src/Illuminate/Container/BoundMethod.php(37): Illuminate\\Container\\BoundMethod::callBoundMethod()
#24 /home/u8evlzocgpfa/public_html/vendor/laravel/framework/src/Illuminate/Container/Container.php(651): Illuminate\\Container\\BoundMethod::call()
#25 /home/u8evlzocgpfa/public_html/vendor/laravel/framework/src/Illuminate/Foundation/Application.php(928): Illuminate\\Container\\Container->call()
#26 /home/u8evlzocgpfa/public_html/vendor/laravel/framework/src/Illuminate/Foundation/Application.php(909): Illuminate\\Foundation\\Application->bootProvider()
#27 [internal function]: Illuminate\\Foundation\\Application->Illuminate\\Foundation\\{closure}()
#28 /home/u8evlzocgpfa/public_html/vendor/laravel/framework/src/Illuminate/Foundation/Application.php(910): array_walk()
#29 /home/u8evlzocgpfa/public_html/vendor/laravel/framework/src/Illuminate/Foundation/Bootstrap/BootProviders.php(17): Illuminate\\Foundation\\Application->boot()
#30 /home/u8evlzocgpfa/public_html/vendor/laravel/framework/src/Illuminate/Foundation/Application.php(239): Illuminate\\Foundation\\Bootstrap\\BootProviders->bootstrap()
#31 /home/u8evlzocgpfa/public_html/vendor/laravel/framework/src/Illuminate/Foundation/Http/Kernel.php(153): Illuminate\\Foundation\\Application->bootstrapWith()
#32 /home/u8evlzocgpfa/public_html/vendor/laravel/framework/src/Illuminate/Foundation/Http/Kernel.php(137): Illuminate\\Foundation\\Http\\Kernel->bootstrap()
#33 /home/u8evlzocgpfa/public_html/vendor/laravel/framework/src/Illuminate/Foundation/Http/Kernel.php(111): Illuminate\\Foundation\\Http\\Kernel->sendRequestThroughRouter()
#34 /home/u8evlzocgpfa/public_html/public/index.php(52): Illuminate\\Foundation\\Http\\Kernel->handle()
#35 {main}
"} 
[2022-08-11 06:31:40] local.ERROR: SQLSTATE[28000] [1045] Access denied for user 'root'@'localhost' (using password: NO) (SQL: select * from `pixels_left`) {"exception":"[object] (Illuminate\\Database\\QueryException(code: 1045): SQLSTATE[28000] [1045] Access denied for user 'root'@'localhost' (using password: NO) (SQL: select * from `pixels_left`) at /home/u8evlzocgpfa/public_html/vendor/laravel/framework/src/Illuminate/Database/Connection.php:742)
[stacktrace]
#0 /home/u8evlzocgpfa/public_html/vendor/laravel/framework/src/Illuminate/Database/Connection.php(702): Illuminate\\Database\\Connection->runQueryCallback()
#1 /home/u8evlzocgpfa/public_html/vendor/laravel/framework/src/Illuminate/Database/Connection.php(404): Illuminate\\Database\\Connection->run()
#2 /home/u8evlzocgpfa/public_html/vendor/laravel/framework/src/Illuminate/Database/Query/Builder.php(2607): Illuminate\\Database\\Connection->select()
#3 /home/u8evlzocgpfa/public_html/vendor/laravel/framework/src/Illuminate/Database/Query/Builder.php(2595): Illuminate\\Database\\Query\\Builder->runSelect()
#4 /home/u8evlzocgpfa/public_html/vendor/laravel/framework/src/Illuminate/Database/Query/Builder.php(3129): Illuminate\\Database\\Query\\Builder->Illuminate\\Database\\Query\\{closure}()
#5 /home/u8evlzocgpfa/public_html/vendor/laravel/framework/src/Illuminate/Database/Query/Builder.php(2596): Illuminate\\Database\\Query\\Builder->onceWithColumns()
#6 /home/u8evlzocgpfa/public_html/vendor/laravel/framework/src/Illuminate/Database/Eloquent/Builder.php(698): Illuminate\\Database\\Query\\Builder->get()
#7 /home/u8evlzocgpfa/public_html/vendor/laravel/framework/src/Illuminate/Database/Eloquent/Builder.php(682): Illuminate\\Database\\Eloquent\\Builder->getModels()
#8 /home/u8evlzocgpfa/public_html/vendor/laravel/framework/src/Illuminate/Database/Eloquent/Model.php(570): Illuminate\\Database\\Eloquent\\Builder->get()
#9 /home/u8evlzocgpfa/public_html/app/Providers/ComposerServiceProvider.php(15): Illuminate\\Database\\Eloquent\\Model::all()
#10 /home/u8evlzocgpfa/public_html/vendor/laravel/framework/src/Illuminate/Container/BoundMethod.php(36): App\\Providers\\ComposerServiceProvider->boot()
#11 /home/u8evlzocgpfa/public_html/vendor/laravel/framework/src/Illuminate/Container/Util.php(41): Illuminate\\Container\\BoundMethod::Illuminate\\Container\\{closure}()
#12 /home/u8evlzocgpfa/public_html/vendor/laravel/framework/src/Illuminate/Container/BoundMethod.php(93): Illuminate\\Container\\Util::unwrapIfClosure()
#13 /home/u8evlzocgpfa/public_html/vendor/laravel/framework/src/Illuminate/Container/BoundMethod.php(37): Illuminate\\Container\\BoundMethod::callBoundMethod()
#14 /home/u8evlzocgpfa/public_html/vendor/laravel/framework/src/Illuminate/Container/Container.php(651): Illuminate\\Container\\BoundMethod::call()
#15 /home/u8evlzocgpfa/public_html/vendor/laravel/framework/src/Illuminate/Foundation/Application.php(928): Illuminate\\Container\\Container->call()
#16 /home/u8evlzocgpfa/public_html/vendor/laravel/framework/src/Illuminate/Foundation/Application.php(909): Illuminate\\Foundation\\Application->bootProvider()
#17 [internal function]: Illuminate\\Foundation\\Application->Illuminate\\Foundation\\{closure}()
#18 /home/u8evlzocgpfa/public_html/vendor/laravel/framework/src/Illuminate/Foundation/Application.php(910): array_walk()
#19 /home/u8evlzocgpfa/public_html/vendor/laravel/framework/src/Illuminate/Foundation/Bootstrap/BootProviders.php(17): Illuminate\\Foundation\\Application->boot()
#20 /home/u8evlzocgpfa/public_html/vendor/laravel/framework/src/Illuminate/Foundation/Application.php(239): Illuminate\\Foundation\\Bootstrap\\BootProviders->bootstrap()
#21 /home/u8evlzocgpfa/public_html/vendor/laravel/framework/src/Illuminate/Foundation/Http/Kernel.php(153): Illuminate\\Foundation\\Application->bootstrapWith()
#22 /home/u8evlzocgpfa/public_html/vendor/laravel/framework/src/Illuminate/Foundation/Http/Kernel.php(137): Illuminate\\Foundation\\Http\\Kernel->bootstrap()
#23 /home/u8evlzocgpfa/public_html/vendor/laravel/framework/src/Illuminate/Foundation/Http/Kernel.php(111): Illuminate\\Foundation\\Http\\Kernel->sendRequestThroughRouter()
#24 /home/u8evlzocgpfa/public_html/public/index.php(52): Illuminate\\Foundation\\Http\\Kernel->handle()
#25 {main}

[previous exception] [object] (PDOException(code: 1045): SQLSTATE[28000] [1045] Access denied for user 'root'@'localhost' (using password: NO) at /home/u8evlzocgpfa/public_html/vendor/laravel/framework/src/Illuminate/Database/Connectors/Connector.php:70)
[stacktrace]
#0 /home/u8evlzocgpfa/public_html/vendor/laravel/framework/src/Illuminate/Database/Connectors/Connector.php(70): PDO->__construct()
#1 /home/u8evlzocgpfa/public_html/vendor/laravel/framework/src/Illuminate/Database/Connectors/Connector.php(46): Illuminate\\Database\\Connectors\\Connector->createPdoConnection()
#2 /home/u8evlzocgpfa/public_html/vendor/laravel/framework/src/Illuminate/Database/Connectors/MySqlConnector.php(24): Illuminate\\Database\\Connectors\\Connector->createConnection()
#3 /home/u8evlzocgpfa/public_html/vendor/laravel/framework/src/Illuminate/Database/Connectors/ConnectionFactory.php(184): Illuminate\\Database\\Connectors\\MySqlConnector->connect()
#4 [internal function]: Illuminate\\Database\\Connectors\\ConnectionFactory->Illuminate\\Database\\Connectors\\{closure}()
#5 /home/u8evlzocgpfa/public_html/vendor/laravel/framework/src/Illuminate/Database/Connection.php(1084): call_user_func()
#6 /home/u8evlzocgpfa/public_html/vendor/laravel/framework/src/Illuminate/Database/Connection.php(1120): Illuminate\\Database\\Connection->getPdo()
#7 /home/u8evlzocgpfa/public_html/vendor/laravel/framework/src/Illuminate/Database/Connection.php(468): Illuminate\\Database\\Connection->getReadPdo()
#8 /home/u8evlzocgpfa/public_html/vendor/laravel/framework/src/Illuminate/Database/Connection.php(396): Illuminate\\Database\\Connection->getPdoForSelect()
#9 /home/u8evlzocgpfa/public_html/vendor/laravel/framework/src/Illuminate/Database/Connection.php(735): Illuminate\\Database\\Connection->Illuminate\\Database\\{closure}()
#10 /home/u8evlzocgpfa/public_html/vendor/laravel/framework/src/Illuminate/Database/Connection.php(702): Illuminate\\Database\\Connection->runQueryCallback()
#11 /home/u8evlzocgpfa/public_html/vendor/laravel/framework/src/Illuminate/Database/Connection.php(404): Illuminate\\Database\\Connection->run()
#12 /home/u8evlzocgpfa/public_html/vendor/laravel/framework/src/Illuminate/Database/Query/Builder.php(2607): Illuminate\\Database\\Connection->select()
#13 /home/u8evlzocgpfa/public_html/vendor/laravel/framework/src/Illuminate/Database/Query/Builder.php(2595): Illuminate\\Database\\Query\\Builder->runSelect()
#14 /home/u8evlzocgpfa/public_html/vendor/laravel/framework/src/Illuminate/Database/Query/Builder.php(3129): Illuminate\\Database\\Query\\Builder->Illuminate\\Database\\Query\\{closure}()
#15 /home/u8evlzocgpfa/public_html/vendor/laravel/framework/src/Illuminate/Database/Query/Builder.php(2596): Illuminate\\Database\\Query\\Builder->onceWithColumns()
#16 /home/u8evlzocgpfa/public_html/vendor/laravel/framework/src/Illuminate/Database/Eloquent/Builder.php(698): Illuminate\\Database\\Query\\Builder->get()
#17 /home/u8evlzocgpfa/public_html/vendor/laravel/framework/src/Illuminate/Database/Eloquent/Builder.php(682): Illuminate\\Database\\Eloquent\\Builder->getModels()
#18 /home/u8evlzocgpfa/public_html/vendor/laravel/framework/src/Illuminate/Database/Eloquent/Model.php(570): Illuminate\\Database\\Eloquent\\Builder->get()
#19 /home/u8evlzocgpfa/public_html/app/Providers/ComposerServiceProvider.php(15): Illuminate\\Database\\Eloquent\\Model::all()
#20 /home/u8evlzocgpfa/public_html/vendor/laravel/framework/src/Illuminate/Container/BoundMethod.php(36): App\\Providers\\ComposerServiceProvider->boot()
#21 /home/u8evlzocgpfa/public_html/vendor/laravel/framework/src/Illuminate/Container/Util.php(41): Illuminate\\Container\\BoundMethod::Illuminate\\Container\\{closure}()
#22 /home/u8evlzocgpfa/public_html/vendor/laravel/framework/src/Illuminate/Container/BoundMethod.php(93): Illuminate\\Container\\Util::unwrapIfClosure()
#23 /home/u8evlzocgpfa/public_html/vendor/laravel/framework/src/Illuminate/Container/BoundMethod.php(37): Illuminate\\Container\\BoundMethod::callBoundMethod()
#24 /home/u8evlzocgpfa/public_html/vendor/laravel/framework/src/Illuminate/Container/Container.php(651): Illuminate\\Container\\BoundMethod::call()
#25 /home/u8evlzocgpfa/public_html/vendor/laravel/framework/src/Illuminate/Foundation/Application.php(928): Illuminate\\Container\\Container->call()
#26 /home/u8evlzocgpfa/public_html/vendor/laravel/framework/src/Illuminate/Foundation/Application.php(909): Illuminate\\Foundation\\Application->bootProvider()
#27 [internal function]: Illuminate\\Foundation\\Application->Illuminate\\Foundation\\{closure}()
#28 /home/u8evlzocgpfa/public_html/vendor/laravel/framework/src/Illuminate/Foundation/Application.php(910): array_walk()
#29 /home/u8evlzocgpfa/public_html/vendor/laravel/framework/src/Illuminate/Foundation/Bootstrap/BootProviders.php(17): Illuminate\\Foundation\\Application->boot()
#30 /home/u8evlzocgpfa/public_html/vendor/laravel/framework/src/Illuminate/Foundation/Application.php(239): Illuminate\\Foundation\\Bootstrap\\BootProviders->bootstrap()
#31 /home/u8evlzocgpfa/public_html/vendor/laravel/framework/src/Illuminate/Foundation/Http/Kernel.php(153): Illuminate\\Foundation\\Application->bootstrapWith()
#32 /home/u8evlzocgpfa/public_html/vendor/laravel/framework/src/Illuminate/Foundation/Http/Kernel.php(137): Illuminate\\Foundation\\Http\\Kernel->bootstrap()
#33 /home/u8evlzocgpfa/public_html/vendor/laravel/framework/src/Illuminate/Foundation/Http/Kernel.php(111): Illuminate\\Foundation\\Http\\Kernel->sendRequestThroughRouter()
#34 /home/u8evlzocgpfa/public_html/public/index.php(52): Illuminate\\Foundation\\Http\\Kernel->handle()
#35 {main}
"} 
